{"/Users/alexawhitney/Desktop/Dominican ACS Courses/Fall 2023/ACS3310 Writing JS Libraries/FunkyMotions/src/funkyMotions.js": {"path":"/Users/alexawhitney/Desktop/Dominican ACS Courses/Fall 2023/ACS3310 Writing JS Libraries/FunkyMotions/src/funkyMotions.js","statementMap":{"0":{"start":{"line":2,"column":0},"end":{"line":2,"column":62}},"1":{"start":{"line":3,"column":0},"end":{"line":3,"column":164}},"2":{"start":{"line":5,"column":4},"end":{"line":5,"column":34}},"3":{"start":{"line":6,"column":4},"end":{"line":6,"column":31}},"4":{"start":{"line":7,"column":4},"end":{"line":7,"column":33}},"5":{"start":{"line":9,"column":0},"end":{"line":9,"column":22}},"6":{"start":{"line":12,"column":4},"end":{"line":12,"column":48}},"7":{"start":{"line":12,"column":31},"end":{"line":12,"column":46}},"8":{"start":{"line":13,"column":4},"end":{"line":13,"column":19}},"9":{"start":{"line":14,"column":4},"end":{"line":14,"column":65}},"10":{"start":{"line":15,"column":4},"end":{"line":17,"column":10}},"11":{"start":{"line":16,"column":8},"end":{"line":16,"column":36}},"12":{"start":{"line":19,"column":0},"end":{"line":19,"column":24}},"13":{"start":{"line":22,"column":4},"end":{"line":22,"column":48}},"14":{"start":{"line":22,"column":31},"end":{"line":22,"column":46}},"15":{"start":{"line":23,"column":4},"end":{"line":23,"column":19}},"16":{"start":{"line":24,"column":4},"end":{"line":24,"column":65}},"17":{"start":{"line":25,"column":4},"end":{"line":25,"column":32}},"18":{"start":{"line":27,"column":0},"end":{"line":27,"column":26}},"19":{"start":{"line":30,"column":4},"end":{"line":30,"column":48}},"20":{"start":{"line":30,"column":31},"end":{"line":30,"column":46}},"21":{"start":{"line":31,"column":4},"end":{"line":31,"column":54}},"22":{"start":{"line":31,"column":32},"end":{"line":31,"column":52}},"23":{"start":{"line":32,"column":4},"end":{"line":32,"column":19}},"24":{"start":{"line":33,"column":4},"end":{"line":33,"column":32}},"25":{"start":{"line":34,"column":4},"end":{"line":34,"column":67}},"26":{"start":{"line":35,"column":4},"end":{"line":50,"column":5}},"27":{"start":{"line":37,"column":12},"end":{"line":37,"column":58}},"28":{"start":{"line":38,"column":12},"end":{"line":40,"column":19}},"29":{"start":{"line":39,"column":16},"end":{"line":39,"column":59}},"30":{"start":{"line":41,"column":12},"end":{"line":41,"column":18}},"31":{"start":{"line":43,"column":12},"end":{"line":43,"column":55}},"32":{"start":{"line":44,"column":12},"end":{"line":44,"column":18}},"33":{"start":{"line":46,"column":12},"end":{"line":46,"column":55}},"34":{"start":{"line":47,"column":12},"end":{"line":47,"column":18}},"35":{"start":{"line":49,"column":12},"end":{"line":49,"column":55}},"36":{"start":{"line":52,"column":0},"end":{"line":52,"column":26}},"37":{"start":{"line":55,"column":4},"end":{"line":55,"column":48}},"38":{"start":{"line":55,"column":31},"end":{"line":55,"column":46}},"39":{"start":{"line":56,"column":4},"end":{"line":56,"column":54}},"40":{"start":{"line":56,"column":32},"end":{"line":56,"column":52}},"41":{"start":{"line":57,"column":4},"end":{"line":57,"column":19}},"42":{"start":{"line":58,"column":4},"end":{"line":58,"column":32}},"43":{"start":{"line":59,"column":4},"end":{"line":59,"column":67}},"44":{"start":{"line":60,"column":4},"end":{"line":72,"column":5}},"45":{"start":{"line":62,"column":12},"end":{"line":62,"column":58}},"46":{"start":{"line":63,"column":12},"end":{"line":63,"column":18}},"47":{"start":{"line":65,"column":12},"end":{"line":65,"column":58}},"48":{"start":{"line":66,"column":12},"end":{"line":66,"column":18}},"49":{"start":{"line":68,"column":12},"end":{"line":68,"column":57}},"50":{"start":{"line":69,"column":12},"end":{"line":69,"column":18}},"51":{"start":{"line":71,"column":12},"end":{"line":71,"column":57}},"52":{"start":{"line":74,"column":0},"end":{"line":74,"column":28}},"53":{"start":{"line":77,"column":4},"end":{"line":77,"column":48}},"54":{"start":{"line":77,"column":31},"end":{"line":77,"column":46}},"55":{"start":{"line":78,"column":4},"end":{"line":78,"column":19}},"56":{"start":{"line":79,"column":4},"end":{"line":79,"column":32}},"57":{"start":{"line":80,"column":4},"end":{"line":80,"column":67}},"58":{"start":{"line":81,"column":4},"end":{"line":83,"column":10}},"59":{"start":{"line":82,"column":8},"end":{"line":82,"column":45}},"60":{"start":{"line":85,"column":0},"end":{"line":85,"column":24}},"61":{"start":{"line":88,"column":4},"end":{"line":88,"column":48}},"62":{"start":{"line":88,"column":31},"end":{"line":88,"column":46}},"63":{"start":{"line":89,"column":4},"end":{"line":89,"column":19}},"64":{"start":{"line":90,"column":4},"end":{"line":90,"column":67}},"65":{"start":{"line":91,"column":4},"end":{"line":91,"column":41}},"66":{"start":{"line":93,"column":0},"end":{"line":93,"column":26}},"67":{"start":{"line":96,"column":4},"end":{"line":96,"column":48}},"68":{"start":{"line":96,"column":31},"end":{"line":96,"column":46}},"69":{"start":{"line":97,"column":4},"end":{"line":97,"column":46}},"70":{"start":{"line":97,"column":30},"end":{"line":97,"column":44}},"71":{"start":{"line":98,"column":4},"end":{"line":98,"column":19}},"72":{"start":{"line":99,"column":4},"end":{"line":99,"column":45}},"73":{"start":{"line":100,"column":4},"end":{"line":100,"column":67}},"74":{"start":{"line":101,"column":4},"end":{"line":103,"column":11}},"75":{"start":{"line":102,"column":8},"end":{"line":102,"column":68}},"76":{"start":{"line":105,"column":0},"end":{"line":105,"column":24}},"77":{"start":{"line":108,"column":4},"end":{"line":108,"column":48}},"78":{"start":{"line":108,"column":31},"end":{"line":108,"column":46}},"79":{"start":{"line":109,"column":4},"end":{"line":109,"column":19}},"80":{"start":{"line":110,"column":4},"end":{"line":119,"column":7}},"81":{"start":{"line":121,"column":0},"end":{"line":121,"column":24}},"82":{"start":{"line":122,"column":19},"end":{"line":132,"column":1}},"83":{"start":{"line":133,"column":0},"end":{"line":133,"column":31}}},"fnMap":{"0":{"name":"reset","decl":{"start":{"line":4,"column":9},"end":{"line":4,"column":14}},"loc":{"start":{"line":4,"column":24},"end":{"line":8,"column":1}},"line":4},"1":{"name":"fadeIn","decl":{"start":{"line":11,"column":9},"end":{"line":11,"column":15}},"loc":{"start":{"line":11,"column":35},"end":{"line":18,"column":1}},"line":11},"2":{"name":"(anonymous_2)","decl":{"start":{"line":15,"column":15},"end":{"line":15,"column":16}},"loc":{"start":{"line":15,"column":27},"end":{"line":17,"column":5}},"line":15},"3":{"name":"fadeOut","decl":{"start":{"line":21,"column":9},"end":{"line":21,"column":16}},"loc":{"start":{"line":21,"column":36},"end":{"line":26,"column":1}},"line":21},"4":{"name":"slideIn","decl":{"start":{"line":29,"column":9},"end":{"line":29,"column":16}},"loc":{"start":{"line":29,"column":47},"end":{"line":51,"column":1}},"line":29},"5":{"name":"(anonymous_5)","decl":{"start":{"line":38,"column":23},"end":{"line":38,"column":24}},"loc":{"start":{"line":38,"column":35},"end":{"line":40,"column":13}},"line":38},"6":{"name":"slideOut","decl":{"start":{"line":54,"column":9},"end":{"line":54,"column":17}},"loc":{"start":{"line":54,"column":48},"end":{"line":73,"column":1}},"line":54},"7":{"name":"zoomIn","decl":{"start":{"line":76,"column":9},"end":{"line":76,"column":15}},"loc":{"start":{"line":76,"column":35},"end":{"line":84,"column":1}},"line":76},"8":{"name":"(anonymous_8)","decl":{"start":{"line":81,"column":15},"end":{"line":81,"column":16}},"loc":{"start":{"line":81,"column":27},"end":{"line":83,"column":5}},"line":81},"9":{"name":"zoomOut","decl":{"start":{"line":87,"column":9},"end":{"line":87,"column":16}},"loc":{"start":{"line":87,"column":36},"end":{"line":92,"column":1}},"line":87},"10":{"name":"rotate","decl":{"start":{"line":95,"column":9},"end":{"line":95,"column":15}},"loc":{"start":{"line":95,"column":44},"end":{"line":104,"column":1}},"line":95},"11":{"name":"(anonymous_11)","decl":{"start":{"line":101,"column":15},"end":{"line":101,"column":16}},"loc":{"start":{"line":101,"column":27},"end":{"line":103,"column":5}},"line":101},"12":{"name":"bounce","decl":{"start":{"line":107,"column":9},"end":{"line":107,"column":15}},"loc":{"start":{"line":107,"column":35},"end":{"line":120,"column":1}},"line":107}},"branchMap":{"0":{"loc":{"start":{"line":12,"column":4},"end":{"line":12,"column":48}},"type":"if","locations":[{"start":{"line":12,"column":4},"end":{"line":12,"column":48}},{"start":{},"end":{}}],"line":12},"1":{"loc":{"start":{"line":22,"column":4},"end":{"line":22,"column":48}},"type":"if","locations":[{"start":{"line":22,"column":4},"end":{"line":22,"column":48}},{"start":{},"end":{}}],"line":22},"2":{"loc":{"start":{"line":30,"column":4},"end":{"line":30,"column":48}},"type":"if","locations":[{"start":{"line":30,"column":4},"end":{"line":30,"column":48}},{"start":{},"end":{}}],"line":30},"3":{"loc":{"start":{"line":31,"column":4},"end":{"line":31,"column":54}},"type":"if","locations":[{"start":{"line":31,"column":4},"end":{"line":31,"column":54}},{"start":{},"end":{}}],"line":31},"4":{"loc":{"start":{"line":35,"column":4},"end":{"line":50,"column":5}},"type":"switch","locations":[{"start":{"line":36,"column":8},"end":{"line":41,"column":18}},{"start":{"line":42,"column":8},"end":{"line":44,"column":18}},{"start":{"line":45,"column":8},"end":{"line":47,"column":18}},{"start":{"line":48,"column":8},"end":{"line":49,"column":55}}],"line":35},"5":{"loc":{"start":{"line":55,"column":4},"end":{"line":55,"column":48}},"type":"if","locations":[{"start":{"line":55,"column":4},"end":{"line":55,"column":48}},{"start":{},"end":{}}],"line":55},"6":{"loc":{"start":{"line":56,"column":4},"end":{"line":56,"column":54}},"type":"if","locations":[{"start":{"line":56,"column":4},"end":{"line":56,"column":54}},{"start":{},"end":{}}],"line":56},"7":{"loc":{"start":{"line":60,"column":4},"end":{"line":72,"column":5}},"type":"switch","locations":[{"start":{"line":61,"column":8},"end":{"line":63,"column":18}},{"start":{"line":64,"column":8},"end":{"line":66,"column":18}},{"start":{"line":67,"column":8},"end":{"line":69,"column":18}},{"start":{"line":70,"column":8},"end":{"line":71,"column":57}}],"line":60},"8":{"loc":{"start":{"line":77,"column":4},"end":{"line":77,"column":48}},"type":"if","locations":[{"start":{"line":77,"column":4},"end":{"line":77,"column":48}},{"start":{},"end":{}}],"line":77},"9":{"loc":{"start":{"line":88,"column":4},"end":{"line":88,"column":48}},"type":"if","locations":[{"start":{"line":88,"column":4},"end":{"line":88,"column":48}},{"start":{},"end":{}}],"line":88},"10":{"loc":{"start":{"line":96,"column":4},"end":{"line":96,"column":48}},"type":"if","locations":[{"start":{"line":96,"column":4},"end":{"line":96,"column":48}},{"start":{},"end":{}}],"line":96},"11":{"loc":{"start":{"line":97,"column":4},"end":{"line":97,"column":46}},"type":"if","locations":[{"start":{"line":97,"column":4},"end":{"line":97,"column":46}},{"start":{},"end":{}}],"line":97},"12":{"loc":{"start":{"line":108,"column":4},"end":{"line":108,"column":48}},"type":"if","locations":[{"start":{"line":108,"column":4},"end":{"line":108,"column":48}},{"start":{},"end":{}}],"line":108}},"s":{"0":1,"1":1,"2":21,"3":21,"4":21,"5":1,"6":2,"7":2,"8":2,"9":2,"10":2,"11":2,"12":1,"13":2,"14":2,"15":2,"16":2,"17":2,"18":1,"19":4,"20":1,"21":4,"22":1,"23":4,"24":4,"25":4,"26":4,"27":1,"28":1,"29":1,"30":1,"31":1,"32":1,"33":1,"34":1,"35":1,"36":1,"37":4,"38":1,"39":4,"40":1,"41":4,"42":4,"43":4,"44":4,"45":1,"46":1,"47":1,"48":1,"49":1,"50":1,"51":1,"52":1,"53":2,"54":2,"55":2,"56":2,"57":2,"58":2,"59":2,"60":1,"61":2,"62":2,"63":2,"64":2,"65":2,"66":1,"67":2,"68":2,"69":2,"70":2,"71":2,"72":2,"73":2,"74":2,"75":2,"76":1,"77":2,"78":2,"79":2,"80":2,"81":1,"82":1,"83":1},"f":{"0":21,"1":2,"2":2,"3":2,"4":4,"5":1,"6":4,"7":2,"8":2,"9":2,"10":2,"11":2,"12":2},"b":{"0":[2,0],"1":[2,0],"2":[1,3],"3":[1,3],"4":[1,1,1,1],"5":[1,3],"6":[1,3],"7":[1,1,1,1],"8":[2,0],"9":[2,0],"10":[2,0],"11":[2,0],"12":[2,0]},"inputSourceMap":null,"_coverageSchema":"1a1c01bbd47fc00a2c39e90264f33305004495a9","hash":"e356cd2728a4b54d7ae99609d62f2eb566a194dc"}
}
