TN:
SF:src/funkyMotions.js
FN:4,reset
FN:11,fadeIn
FN:15,(anonymous_2)
FN:21,fadeOut
FN:29,slideIn
FN:38,(anonymous_5)
FN:54,slideOut
FN:76,zoomIn
FN:81,(anonymous_8)
FN:87,zoomOut
FN:95,rotate
FN:101,(anonymous_11)
FN:107,bounce
FNF:13
FNH:13
FNDA:21,reset
FNDA:2,fadeIn
FNDA:2,(anonymous_2)
FNDA:2,fadeOut
FNDA:4,slideIn
FNDA:1,(anonymous_5)
FNDA:4,slideOut
FNDA:2,zoomIn
FNDA:2,(anonymous_8)
FNDA:2,zoomOut
FNDA:2,rotate
FNDA:2,(anonymous_11)
FNDA:2,bounce
DA:2,1
DA:3,1
DA:5,21
DA:6,21
DA:7,21
DA:9,1
DA:12,2
DA:13,2
DA:14,2
DA:15,2
DA:16,2
DA:19,1
DA:22,2
DA:23,2
DA:24,2
DA:25,2
DA:27,1
DA:30,4
DA:31,4
DA:32,4
DA:33,4
DA:34,4
DA:35,4
DA:37,1
DA:38,1
DA:39,1
DA:41,1
DA:43,1
DA:44,1
DA:46,1
DA:47,1
DA:49,1
DA:52,1
DA:55,4
DA:56,4
DA:57,4
DA:58,4
DA:59,4
DA:60,4
DA:62,1
DA:63,1
DA:65,1
DA:66,1
DA:68,1
DA:69,1
DA:71,1
DA:74,1
DA:77,2
DA:78,2
DA:79,2
DA:80,2
DA:81,2
DA:82,2
DA:85,1
DA:88,2
DA:89,2
DA:90,2
DA:91,2
DA:93,1
DA:96,2
DA:97,2
DA:98,2
DA:99,2
DA:100,2
DA:101,2
DA:102,2
DA:105,1
DA:108,2
DA:109,2
DA:110,2
DA:121,1
DA:122,1
DA:133,1
LF:73
LH:73
BRDA:12,0,0,2
BRDA:12,0,1,0
BRDA:22,1,0,2
BRDA:22,1,1,0
BRDA:30,2,0,1
BRDA:30,2,1,3
BRDA:31,3,0,1
BRDA:31,3,1,3
BRDA:35,4,0,1
BRDA:35,4,1,1
BRDA:35,4,2,1
BRDA:35,4,3,1
BRDA:55,5,0,1
BRDA:55,5,1,3
BRDA:56,6,0,1
BRDA:56,6,1,3
BRDA:60,7,0,1
BRDA:60,7,1,1
BRDA:60,7,2,1
BRDA:60,7,3,1
BRDA:77,8,0,2
BRDA:77,8,1,0
BRDA:88,9,0,2
BRDA:88,9,1,0
BRDA:96,10,0,2
BRDA:96,10,1,0
BRDA:97,11,0,2
BRDA:97,11,1,0
BRDA:108,12,0,2
BRDA:108,12,1,0
BRF:30
BRH:23
end_of_record
